2026-04-22 21:45:56,512 [INFO] Stage 1: Image Verification...
2026-04-22 21:45:58,147 [INFO] Cleaned 0 invalid images.
2026-04-22 21:45:58,579 [INFO] Full-Scale Mode: Training on 7 classes.
2026-04-22 21:45:58,781 [INFO] Building Master EfficientNetB0 Pipeline...
2026-04-22 21:46:00,256 [WARNING] TensorFlow GPU support is not available on native Windows for TensorFlow >= 2.11. Even if CUDA/cuDNN are installed, GPU will not be used. Please use WSL2 or the TensorFlow-DirectML plugin.
2026-04-22 21:46:00,260 [INFO] Phase A: Training Classification Head...
2026-04-22 21:48:21,156 [INFO] Phase B: Systematic Fine-Tuning (Unfreezing top 20 layers)...
2026-04-22 21:56:43,222 [INFO] Stage 3: Advanced Research Evaluation...
2026-04-22 21:56:55,024 [INFO] MCC: 0.1999 | Kappa: 0.1956
2026-04-22 21:56:55,373 [INFO] Stage 4: Generating XAI Heatmaps...
2026-04-22 21:58:24,553 [INFO] --- STARTING HIGH-FIDELITY RESEARCH PIPELINE ---
2026-04-22 21:58:24,553 [INFO] Stage 1: Image Verification...
2026-04-22 21:58:26,245 [INFO] Cleaned 0 invalid images.
2026-04-22 21:58:26,668 [INFO] Full-Scale Mode: Training on 7 classes.
2026-04-22 21:58:26,869 [INFO] Existing model found at D:\current project\DL\models\champion_model_fidelity.keras. Loading for post-processing...
2026-04-22 21:58:28,083 [WARNING] TensorFlow GPU support is not available on native Windows for TensorFlow >= 2.11. Even if CUDA/cuDNN are installed, GPU will not be used. Please use WSL2 or the TensorFlow-DirectML plugin.
2026-04-22 21:58:28,797 [INFO] Stage 3: Advanced Research Evaluation...
2026-04-22 21:58:39,412 [INFO] MCC: 0.1999 | Kappa: 0.1956
2026-04-22 21:58:39,733 [INFO] Stage 4: Generating XAI Heatmaps...
2026-04-22 21:58:39,753 [WARNING] Failed to generate heatmap for image 0: No such layer: top_conv. Existing layers are: ['efficientnetb0', 'global_average_pooling2d', 'batch_normalization', 'dropout', 'dense'].
2026-04-22 21:58:39,754 [WARNING] Failed to generate heatmap for image 1: No such layer: top_conv. Existing layers are: ['efficientnetb0', 'global_average_pooling2d', 'batch_normalization', 'dropout', 'dense'].
2026-04-22 21:58:39,754 [WARNING] Failed to generate heatmap for image 2: No such layer: top_conv. Existing layers are: ['efficientnetb0', 'global_average_pooling2d', 'batch_normalization', 'dropout', 'dense'].
2026-04-22 21:58:39,755 [WARNING] Failed to generate heatmap for image 3: No such layer: top_conv. Existing layers are: ['efficientnetb0', 'global_average_pooling2d', 'batch_normalization', 'dropout', 'dense'].
2026-04-22 21:58:39,755 [WARNING] Failed to generate heatmap for image 4: No such layer: top_conv. Existing layers are: ['efficientnetb0', 'global_average_pooling2d', 'batch_normalization', 'dropout', 'dense'].
2026-04-22 21:58:39,759 [INFO] Stage 5: TFLite Optimization...
2026-04-22 21:58:51,913 [INFO] Assets written to: C:\Users\vijay\AppData\Local\Temp\tmpl2nv76ae\assets
2026-04-22 21:59:42,157 [INFO] --- STARTING HIGH-FIDELITY RESEARCH PIPELINE ---
2026-04-22 21:59:42,158 [INFO] Stage 1: Image Verification...
2026-04-22 21:59:43,760 [INFO] Cleaned 0 invalid images.
2026-04-22 21:59:44,177 [INFO] Full-Scale Mode: Training on 7 classes.
2026-04-22 21:59:44,372 [INFO] Existing model found at D:\current project\DL\models\champion_model_fidelity.keras. Loading for post-processing...
2026-04-22 21:59:45,639 [WARNING] TensorFlow GPU support is not available on native Windows for TensorFlow >= 2.11. Even if CUDA/cuDNN are installed, GPU will not be used. Please use WSL2 or the TensorFlow-DirectML plugin.
2026-04-22 21:59:46,363 [INFO] Stage 3: Advanced Research Evaluation...
2026-04-22 21:59:57,078 [INFO] MCC: 0.1999 | Kappa: 0.1956
2026-04-22 21:59:57,402 [INFO] Stage 4: Generating XAI Heatmaps...
2026-04-22 21:59:57,421 [WARNING] Failed to generate heatmap for image 0: The layer sequential_1 has never been called and thus has no defined output.
2026-04-22 21:59:57,421 [WARNING] Failed to generate heatmap for image 1: The layer sequential_1 has never been called and thus has no defined output.
2026-04-22 21:59:57,422 [WARNING] Failed to generate heatmap for image 2: The layer sequential_1 has never been called and thus has no defined output.
2026-04-22 21:59:57,423 [WARNING] Failed to generate heatmap for image 3: The layer sequential_1 has never been called and thus has no defined output.
2026-04-22 21:59:57,423 [WARNING] Failed to generate heatmap for image 4: The layer sequential_1 has never been called and thus has no defined output.
2026-04-22 21:59:57,427 [INFO] Stage 5: TFLite Optimization...
2026-04-22 22:00:09,628 [INFO] Assets written to: C:\Users\vijay\AppData\Local\Temp\tmpkqxoq7ji\assets
2026-04-22 22:00:15,531 [INFO] ALL STAGES COMPLETE. MISSION SUCCESS.
2026-04-22 22:01:02,280 [INFO] --- STARTING HIGH-FIDELITY RESEARCH PIPELINE ---
2026-04-22 22:01:02,281 [INFO] Stage 1: Image Verification...
2026-04-22 22:01:03,938 [INFO] Cleaned 0 invalid images.
2026-04-22 22:01:04,370 [INFO] Full-Scale Mode: Training on 7 classes.
2026-04-22 22:01:04,609 [INFO] Existing model found at D:\current project\DL\models\champion_model_fidelity.keras. Loading for post-processing...
2026-04-22 22:01:05,776 [WARNING] TensorFlow GPU support is not available on native Windows for TensorFlow >= 2.11. Even if CUDA/cuDNN are installed, GPU will not be used. Please use WSL2 or the TensorFlow-DirectML plugin.
2026-04-22 22:01:06,510 [INFO] Stage 3: Advanced Research Evaluation...
2026-04-22 22:01:17,335 [INFO] MCC: 0.1999 | Kappa: 0.1956
2026-04-22 22:01:17,680 [INFO] Stage 4: Generating XAI Heatmaps...
2026-04-22 22:01:18,052 [WARNING] Failed to generate heatmap for image 0: The layer sequential_1 has never been called and thus has no defined output.
2026-04-22 22:01:18,053 [WARNING] Failed to generate heatmap for image 1: The layer sequential_1 has never been called and thus has no defined output.
2026-04-22 22:01:18,053 [WARNING] Failed to generate heatmap for image 2: The layer sequential_1 has never been called and thus has no defined output.
2026-04-22 22:01:18,054 [WARNING] Failed to generate heatmap for image 3: The layer sequential_1 has never been called and thus has no defined output.
2026-04-22 22:01:18,054 [WARNING] Failed to generate heatmap for image 4: The layer sequential_1 has never been called and thus has no defined output.
2026-04-22 22:01:18,055 [WARNING] Failed to generate heatmap for image 5: The layer sequential_1 has never been called and thus has no defined output.
2026-04-22 22:01:18,055 [WARNING] Failed to generate heatmap for image 6: The layer sequential_1 has never been called and thus has no defined output.
2026-04-22 22:01:18,056 [WARNING] Failed to generate heatmap for image 7: The layer sequential_1 has never been called and thus has no defined output.
2026-04-22 22:01:18,056 [WARNING] Failed to generate heatmap for image 8: The layer sequential_1 has never been called and thus has no defined output.
2026-04-22 22:01:18,057 [WARNING] Failed to generate heatmap for image 9: The layer sequential_1 has never been called and thus has no defined output.
2026-04-22 22:01:18,061 [INFO] Stage 5: TFLite Optimization...
2026-04-22 22:01:29,979 [INFO] Assets written to: C:\Users\vijay\AppData\Local\Temp\tmp6ts_2nz1\assets
2026-04-22 22:01:35,913 [INFO] ALL STAGES COMPLETE. MISSION SUCCESS.
2026-04-22 22:16:20,542 [INFO] --- STARTING ULTRA-FIDELITY MASTERY PIPELINE ---
2026-04-22 22:16:20,542 [INFO] Stage 1: Image Verification...
2026-04-22 22:16:22,267 [INFO] Cleaned 0 invalid images.
2026-04-22 22:16:22,923 [INFO] Building Ultra-Fidelity Mastery Model (224x224)...
2026-04-22 22:16:24,470 [WARNING] TensorFlow GPU support is not available on native Windows for TensorFlow >= 2.11. Even if CUDA/cuDNN are installed, GPU will not be used. Please use WSL2 or the TensorFlow-DirectML plugin.
2026-04-22 22:16:24,473 [INFO] Phase A: Training Mastery Head for 10 epochs...
2026-04-23 07:24:01,297 [INFO] --- STARTING ULTRA-FIDELITY MASTERY PIPELINE ---
2026-04-23 07:24:01,298 [INFO] Stage 1: Image Verification...
2026-04-23 07:25:23,446 [INFO] Cleaned 0 invalid images.
2026-04-23 07:25:24,452 [INFO] Building Ultra-Fidelity Mastery Model (224x224)...
2026-04-23 07:25:26,534 [WARNING] TensorFlow GPU support is not available on native Windows for TensorFlow >= 2.11. Even if CUDA/cuDNN are installed, GPU will not be used. Please use WSL2 or the TensorFlow-DirectML plugin.
2026-04-23 07:25:26,541 [INFO] Phase A: Training Mastery Head for 10 epochs...
2026-04-23 07:51:53,176 [INFO] Phase B: Full Mastery Fine-Tuning for 50 epochs...
2026-04-23 11:10:51,749 [INFO] --- STARTING ULTRA-FIDELITY MASTERY PIPELINE ---
2026-04-23 11:10:51,749 [INFO] Stage 1: Image Verification...
2026-04-23 11:11:28,443 [INFO] Cleaned 0 invalid images.
2026-04-23 11:11:28,943 [INFO] Building Ultra-Fidelity Mastery Model (224x224)...
2026-04-23 11:11:29,805 [WARNING] TensorFlow GPU support is not available on native Windows for TensorFlow >= 2.11. Even if CUDA/cuDNN are installed, GPU will not be used. Please use WSL2 or the TensorFlow-DirectML plugin.
2026-04-23 11:11:29,807 [INFO] Phase A: Training Mastery Head for 10 epochs...
2026-04-23 11:32:21,824 [INFO] Phase B: Full Mastery Fine-Tuning for 50 epochs...
2026-04-23 15:04:00,809 [INFO] Stage 3: Advanced Evaluation...
2026-04-23 15:04:51,060 [INFO] Stage 4: Generating XAI Heatmaps...
2026-04-23 15:04:55,231 [INFO] Stage 5: TFLite Mastery Optimization...
2026-04-23 15:05:11,431 [INFO] Assets written to: C:\Users\vijay\AppData\Local\Temp\tmpeq39vb78\assets
2026-04-23 15:05:21,061 [INFO] MASTERY PIPELINE COMPLETE. 90%+ STATE ACHIEVED.
