2026-04-22 21:39:56,443 [INFO] --- Starting Neural Synergy Training Pipeline (Fixed & Optimized) ---
2026-04-22 21:39:56,443 [INFO] Starting image verification and cleaning...
2026-04-22 21:39:58,103 [INFO] Cleaned 0 invalid images.
2026-04-22 21:39:58,115 [INFO] Calculated Class weights: {0: np.float64(1.0)}
2026-04-22 21:39:58,348 [INFO] Detected 1 classes: ['cleaned_face_emotion']
2026-04-22 21:39:58,734 [INFO] Building EfficientNetB0 (Research-Grade Head) with dropout=0.3...
2026-04-22 21:40:00,247 [WARNING] TensorFlow GPU support is not available on native Windows for TensorFlow >= 2.11. Even if CUDA/cuDNN are installed, GPU will not be used. Please use WSL2 or the TensorFlow-DirectML plugin.
2026-04-22 21:40:00,250 [INFO] Training starting...
2026-04-22 21:41:15,797 [INFO] --- Starting Neural Synergy Training Pipeline (Fixed & Optimized) ---
2026-04-22 21:41:15,797 [INFO] Starting image verification and cleaning...
2026-04-22 21:41:17,964 [INFO] Cleaned 0 invalid images.
2026-04-22 21:41:17,977 [INFO] Calculated Class weights: {0: np.float64(0.9068899060467357), 1: np.float64(2.3381987577639753), 2: np.float64(0.9053631553631554), 3: np.float64(0.8985559135935076), 4: np.float64(0.9008135917683656), 5: np.float64(0.9046017061155833), 6: np.float64(0.9646380525304292)}
2026-04-22 21:41:18,223 [INFO] Detected 7 classes: ['Angry', 'Disgust', 'Fear', 'Happy', 'Neutral', 'Sad', 'Surprise']
2026-04-22 21:41:18,659 [INFO] Building EfficientNetB0 (Research-Grade Head) with dropout=0.3...
2026-04-22 21:41:20,110 [WARNING] TensorFlow GPU support is not available on native Windows for TensorFlow >= 2.11. Even if CUDA/cuDNN are installed, GPU will not be used. Please use WSL2 or the TensorFlow-DirectML plugin.
2026-04-22 21:41:20,112 [INFO] Training starting...
2026-04-22 21:42:22,979 [INFO] Evaluating advanced metrics...
2026-04-22 21:42:25,760 [INFO] Matthews Correlation Coefficient (MCC): 0.0472
2026-04-22 21:42:25,760 [INFO] Cohen's Kappa: 0.0455
2026-04-22 21:42:26,323 [INFO] Performance curves saved to D:\current project\DL\outputs\training_performance.png
2026-04-22 21:42:26,324 [INFO] Pipeline complete. Champion Model saved to D:\current project\DL\models\final_optimized_model.keras
